[19:48:49] [Server thread/INFO]: Starting minecraft server version 1.7.10
[19:48:54] [Server thread/INFO]: Loading properties
[19:48:54] [Server thread/INFO]: Default game type: SURVIVAL[19:48:54] [Client thread/INFO]: LWJGL Version: 2.9.1
[19:48:58] [Client thread/INFO]: Reloading ResourceManager: Default, FMLFileResourcePack:Forge Mod Loader, FMLFileResourcePack:Minecraft Forge, FMLFileResourcePack:Interactive Crafting Table
[19:48:59] [Sound Library Loader/INFO]: Sound engine started
[19:49:00] [Client thread/INFO]: Created: 512x256 textures/blocks-atlas
[19:49:00[19:49:48] [User Authenticator #1/INFO]: UUID of player ThePizzaBoy_ is 39bf81e9-1944-47fc-82e1-881425af9d3f
[19:49:48] [Server thread/INFO]: ThePizzaBoy_[/127.0.0.1:9899] logged in with entity id 323 at (-34.514221977320155, 69.0, 244.94510432694247)
[19:49:48] [Server thread/INFO]: ThePizzaBoy_ joined the game
[19:50:03] [Server thread/ERROR]: Encountered an unexpected exception
java.lang.UnsatisfiedLinkError: no lwjgl in java.library.path
	at java.lang.ClassLoader.loadLibrary(ClassLoader.java:1886) ~[?:1.7.0_75]
	a[19:50:09] [Client thread/INFO]: Stopping!
a:849) ~[?:1.7.0_75]
	at java.lang.System.loadLibrary(System.java:1088) ~[?:1.7.0_75]
	at org.lwjgl.Sys$1.run(Sys.java:73) ~[lwjgl-2.9.1.jar:?]
	at java.security.AccessController.doPrivileged(Native Method) ~[?:1.7.0_75]
	at org.lwjgl.Sys.doLoadLibrary(Sys.java:66) ~[lwjgl-2.9.1.jar:?]
	at org.lwjgl.Sys.loadLibrary(Sys.java:95) ~[lwjgl-2.9.1.jar:?]
	at org.lwjgl.Sys.<clinit>(Sys.java:112) ~[lwjgl-2.9.1.jar:?]
	at org.lwjgl.opengl.Display.<clinit>(Display.java:135) ~[lwjgl-2.9.1.jar:?]
	at org.lwjgl.input.Keyboard.create(Keyboard.java:327) ~[lwjgl-2.9.1.jar:?]
	at ict.block.BlockICT.onBlockActivated(BlockInterCT.java:48) ~[BlockInterCT.class:?]
	at net.minecraft.server.management.ItemInWorldManager.activateBlockOrUseItem(ItemInWorldManager.java:409) ~[ItemInWorldManager.class:?]
	at net.minecraft.network.NetHandlerPlayServer.processPlayerBlockPlacement(NetHandlerPlayServer.java:593) ~[NetHandlerPlayServer.class:?]
	at net.minecraft.network.play.client.C08PacketPlayerBlockPlacement.processPacket(C08PacketPlayerBlockPlacement.java:74) ~[C08PacketPlayerBlockPlacement.class:?]
	at net.minecraft.network.play.client.C08PacketPlayerBlockPlacement.processPacket(C08PacketPlayerBlockPlacement.java:122) ~[C08PacketPlayerBlockPlacement.class:?]
	at net.minecraft.network.NetworkManager.processReceivedPackets(NetworkManager.java:241) ~[NetworkManager.class:?]
	at net.minecraft.network.NetworkSystem.networkTick(NetworkSystem.java:182) ~[NetworkSystem.class:?]
	at net.minecraft.server.MinecraftServer.updateTimeLightAndEntities(MinecraftServer.java:726) ~[MinecraftServer.class:?]
	at net.minecraft.server.dedicated.DedicatedServer.updateTimeLightAndEntities(DedicatedServer.java:349) ~[DedicatedServer.class:?]
	at net.minecraft.server.MinecraftServer.tick(MinecraftServer.java:614) ~[MinecraftServer.class:?]
	at net.minecraft.server.MinecraftServer.run(MinecraftServer.java:485) [MinecraftServer.class:?]
	at net.minecraft.server.MinecraftServer$2.run(MinecraftServer.java:752) [MinecraftServer$2.class:?]
[19:50:03] [Server thread/ERROR]: This crash report has been saved to: D:\Minecraft Modding\1.7\InteractiveCraftingTable-1.7\eclipse\.\crash-reports\crash-2015-05-12_19.50.03-server.txt
[19:50:03] [Server thread/INFO]: Stopping server
[19:50:03] [Server thread/INFO]: Saving players
[19:50:03] [Server thread/INFO]: Saving worlds
[19:50:03] [Server thread/INFO]: Saving chunks for level 'world'/Overworld
[19:50:04] [Server thread/INFO]: Saving chunks for level 'world'/Nether
[19:50:04] [Server thread/INFO]: Saving chunks for level 'world'/The End
[20:08:20] [main/INFO]: Logging in with username & password
