[16:43:52] [main/INFO]: Setting user: Player516
[16:43:55] [Client thread/INFO]: LWJGL Version: 2.9.1
[16:44:02] [Client thread/INFO]: Reloading ResourceManager: Default, FMLFileResourcePack:Forge Mod Loader, FMLFileResourcePack:Minecraft Forge, FMLFileResourcePack:Not Enough Items, FMLFileResourcePack:Interactive Crafting Table, FMLFileResourcePack:CoFH Core, FMLFileResourcePack:Thermal Dynamics, FMLFileResourcePack:Thermal Expansion, FMLFileResourcePack:Thermal Foundation
[16:44:05] [Sound Library Loader/INFO]: Sound engine started
[16:44:06] [Client thread/INFO]: Created: 512x512 textures/blocks-atlas
[16:44:07] [Client thread/INFO]: Created: 512x256 textures/items-atlas
[16:44:09] [Client thread/INFO]: Reloading ResourceManager: Default, FMLFileResourcePack:Forge Mod Loader, FMLFileResourcePack:Minecraft Forge, FMLFileResourcePack:Not Enough Items, FMLFileResourcePack:Interactive Crafting Table, FMLFileResourcePack:CoFH Core, FMLFileResourcePack:Thermal Dynamics, FMLFileResourcePack:Thermal Expansion, FMLFileResourcePack:Thermal Foundation
[16:44:09] [Client thread/INFO]: Created: 512x512 textures/items-atlas
[16:44:10] [Client thread/INFO]: Created: 512x512 textures/blocks-atlas
[16:44:10] [Sound Library Loader/INFO]: Sound engine started
[16:44:40] [Server thread/INFO]: Starting integrated minecraft server version 1.7.10
[16:44:40] [Server thread/INFO]: Generating keypair
[16:44:40] [Server thread/INFO]: Preparing start region for level 0
[16:44:41] [Server thread/INFO]: Changing view distance to 2, from 10
[16:44:41] [Server thread/INFO]: Player516[local:E:90506a44] logged in with entity id 131 at (-105.07326931837915, 4.0, -932.4231107676587)
[16:44:41] [Server thread/INFO]: Player516 joined the game
[16:44:47] [Client thread/INFO]: [CHAT] Put Block of Iron to slot 1
[16:44:49] [Client thread/INFO]: [CHAT] Crafted: Iron Ingot
[16:44:52] [Server thread/INFO]: Stopping server
[16:44:52] [Server thread/INFO]: Saving players
[16:44:52] [Server thread/INFO]: Saving worlds
[16:44:52] [Server thread/INFO]: Saving chunks for level 'New World'/Overworld
[16:44:52] [Server thread/INFO]: Saving chunks for level 'New World'/Nether
[16:44:52] [Server thread/INFO]: Saving chunks for level 'New World'/The End
[16:44:53] [Client thread/FATAL]: Unreported exception thrown!
java.lang.NullPointerException
	at net.minecraft.inventory.Slot.getStack(Slot.java:88) ~[Slot.class:?]
	at net.minecraft.inventory.Container.detectAndSendChanges(Container.java:89) ~[Container.class:?]
	at ict.inventory.ContainerICT.<init>(ContainerICT.java:56) ~[ContainerICT.class:?]
	at ict.event.EventsHandler.renderGameOverlay(EventsHandler.java:46) ~[EventsHandler.class:?]
	at cpw.mods.fml.common.eventhandler.ASMEventHandler_35_EventsHandler_renderGameOverlay_Post.invoke(.dynamic) ~[?:?]
	at cpw.mods.fml.common.eventhandler.ASMEventHandler.invoke(ASMEventHandler.java:54) ~[ASMEventHandler.class:?]
	at cpw.mods.fml.common.eventhandler.EventBus.post(EventBus.java:138) ~[EventBus.class:?]
	at net.minecraftforge.client.GuiIngameForge.post(GuiIngameForge.java:905) ~[GuiIngameForge.class:?]
	at net.minecraftforge.client.GuiIngameForge.renderGameOverlay(GuiIngameForge.java:179) ~[GuiIngameForge.class:?]
	at net.minecraft.client.renderer.EntityRenderer.updateCameraAndRender(EntityRenderer.java:1114) ~[EntityRenderer.class:?]
	at net.minecraft.client.Minecraft.runGameLoop(Minecraft.java:1056) ~[Minecraft.class:?]
	at net.minecraft.client.Minecraft.run(Minecraft.java:951) [Minecraft.class:?]
	at net.minecraft.client.main.Main.main(Main.java:164) [Main.class:?]
	at sun.reflect.NativeMethodAccessorImpl.invoke0(Native Method) ~[?:1.7.0_80]
	at sun.reflect.NativeMethodAccessorImpl.invoke(NativeMethodAccessorImpl.java:57) ~[?:1.7.0_80]
	at sun.reflect.DelegatingMethodAccessorImpl.invoke(DelegatingMethodAccessorImpl.java:43) ~[?:1.7.0_80]
	at java.lang.reflect.Method.invoke(Method.java:606) ~[?:1.7.0_80]
	at net.minecraft.launchwrapper.Launch.launch(Launch.java:135) [launchwrapper-1.11.jar:?]
	at net.minecraft.launchwrapper.Launch.main(Launch.java:28) [launchwrapper-1.11.jar:?]
	at net.minecraftforge.gradle.GradleStartCommon.launch(Unknown Source) [start/:?]
	at GradleStart.main(Unknown Source) [start/:?]
	at sun.reflect.NativeMethodAccessorImpl.invoke0(Native Method) ~[?:1.7.0_80]
	at sun.reflect.NativeMethodAccessorImpl.invoke(NativeMethodAccessorImpl.java:57) ~[?:1.7.0_80]
	at sun.reflect.DelegatingMethodAccessorImpl.invoke(DelegatingMethodAccessorImpl.java:43) ~[?:1.7.0_80]
	at java.lang.reflect.Method.invoke(Method.java:606) ~[?:1.7.0_80]
	at com.intellij.rt.execution.application.AppMain.main(AppMain.java:140) [idea_rt.jar:?]
